<?xml version="1.0" encoding="UTF-8"?>
<testsuite xmlns:xsi="http://www.w3.org/2001/XMLSchema-instance" xsi:noNamespaceSchemaLocation="https://maven.apache.org/surefire/maven-surefire-plugin/xsd/surefire-test-report.xsd" name="Final.code.TestRouter" time="0.081" tests="26" errors="0" skipped="0" failures="0">
  <properties>
[...]
</properties>
  <testcase name="tooManySymbolsInACIDR" classname="Final.code.TestRouter" time="0.011"/>
  <testcase name="getLongestPrefix" classname="Final.code.TestRouter" time="0"/>
  <testcase name="testBadRoute" classname="Final.code.TestRouter" time="0.002"/>
  <testcase name="emptyDumpFromCache" classname="Final.code.TestRouter" time="0.001"/>
  <testcase name="negativeSymbolsInACIDR" classname="Final.code.TestRouter" time="0"/>
  <testcase name="textThree" classname="Final.code.TestRouter" time="0.001"/>
  <testcase name="testCacheFinal" classname="Final.code.TestRouter" time="0"/>
  <testcase name="tooFewDivisionSymbolsInACIDR" classname="Final.code.TestRouter" time="0"/>
  <testcase name="putElemInCacheTestTwo" classname="Final.code.TestRouter" time="0.001"/>
  <testcase name="testCacheThroughIPRouter" classname="Final.code.TestRouter" time="0.003"/>
  <testcase name="putElemInCache" classname="Final.code.TestRouter" time="0.003"/>
  <testcase name="checkBitVectorClass" classname="Final.code.TestRouter" time="0.001"/>
  <testcase name="tryGettingNothingUsingJustFileOne" classname="Final.code.TestRouter" time="0.001"/>
  <testcase name="usingText2V2" classname="Final.code.TestRouter" time="0.002"/>
  <testcase name="usingText2V3" classname="Final.code.TestRouter" time="0.002"/>
  <testcase name="usingText2V4" classname="Final.code.TestRouter" time="0.004"/>
  <testcase name="usingText2V5" classname="Final.code.TestRouter" time="0.003"/>
  <testcase name="usingText2V6" classname="Final.code.TestRouter" time="0.002"/>
  <testcase name="putElemInCacheTestThree" classname="Final.code.TestRouter" time="0.001"/>
  <testcase name="port1Test" classname="Final.code.TestRouter" time="0.001"/>
  <testcase name="port2Test" classname="Final.code.TestRouter" time="0.001"/>
  <testcase name="usingText2" classname="Final.code.TestRouter" time="0.002"/>
  <testcase name="tooFewSymbolsInACIDR" classname="Final.code.TestRouter" time="0"/>
  <testcase name="testIpAdressClass" classname="Final.code.TestRouter" time="0.001"/>
  <testcase name="moreThanOneSlashesInACIDR" classname="Final.code.TestRouter" time="0"/>
  <testcase name="usingText2GetNothing" classname="Final.code.TestRouter" time="0.002"/>
</testsuite>