Grade for assignment [BohbotTom]: 9/10

failed one performance test


Pulled files on Fri Sep  4 10:08:29 EDT 2020
Latest commit of student files ....
Latest commit of src/main/java/edu/yu/introtoalgs/SearchWithATweak.java was on: Thu Sep 3 21:41:02 2020
building Student BohbotTom assignment code base from directory /Users/avraham/YUGitRepos/2545/BohbotTom/IntroToAlgorithms/assignments/SearchWithATweak
Picked up JAVA_TOOL_OPTIONS: -Xms4096m -Xmx15G -XX:MaxMetaspaceSize=1G
Copying Professor's JUnit source files in /Users/avraham/YUTeaching/IntroToAlgorithms/assignments/SearchWithATweak/src/test to Student BohbotTom directory tree in /Users/avraham/YUGitRepos/2545/BohbotTom/IntroToAlgorithms/assignments/SearchWithATweak/src
executing Professor's test code against Student BohbotTom code
Picked up JAVA_TOOL_OPTIONS: -Xms4096m -Xmx15G -XX:MaxMetaspaceSize=1G
[ERROR] Picked up JAVA_TOOL_OPTIONS: -Xms4096m -Xmx15G -XX:MaxMetaspaceSize=1G
Test cases to execute : 2
Execution Started : oneElementEqualsIndex
Execution Finished : oneElementEqualsIndex
Execution Started : twoElementsEqualsIndex
Execution Finished : twoElementsEqualsIndex
Execution Started : keyAppearsThrice
Execution Finished : keyAppearsThrice
Execution Started : handlesEmptyList
Execution Finished : handlesEmptyList
Execution Started : keyAppearsOnlyOnce
Execution Finished : keyAppearsOnlyOnce
Execution Started : performanceIsLogNWhenNoElementEqualsIndex
Execution Finished : performanceIsLogNWhenNoElementEqualsIndex
Execution Started : noElementEqualsIndex
Execution Finished : noElementEqualsIndex
Execution Started : performanceIsLogNEvenWithEveryElementEqualsKey
Execution Finished : performanceIsLogNEvenWithEveryElementEqualsKey
Execution Started : keyDoesNotAppear
Execution Finished : keyDoesNotAppear
Execution Started : performanceIsLogNEvenWithEveryOtherElementEqualsKey
Execution Failure : java.lang.AssertionError: log(n) performance should be almost instantaneous expected:<0.0> but was:<44.0>
Execution Finished : performanceIsLogNEvenWithEveryOtherElementEqualsKey
Execution Started : nothingButKeyValues
Execution Finished : nothingButKeyValues
[ERROR] Tests run: 11, Failures: 1, Errors: 0, Skipped: 0, Time elapsed: 17.413 s <<< FAILURE! - in edu.yu.introtoalgs.test.ProfessorSearchWithATweakTest
[ERROR] edu.yu.introtoalgs.test.ProfessorSearchWithATweakTest.performanceIsLogNEvenWithEveryOtherElementEqualsKey  Time elapsed: 3.376 s  <<< FAILURE!
java.lang.AssertionError: log(n) performance should be almost instantaneous expected:<0.0> but was:<44.0>
	at edu.yu.introtoalgs.test.ProfessorSearchWithATweakTest.performanceIsLogNEvenWithEveryOtherElementEqualsKey(ProfessorSearchWithATweakTest.java:127)

Execution Started : onlyRepeatshappyPaths
Execution Finished : onlyRepeatshappyPaths
Execution Started : onlyRepeatsNegative
Execution Finished : onlyRepeatsNegative
Execution Started : nullList
Execution Finished : nullList
Execution Started : regListInverseMethodThree
Execution Finished : regListInverseMethodThree
Execution Started : baseCase1
Execution Finished : baseCase1
Execution Started : baseCase2
Execution Finished : baseCase2
Execution Started : inverseListTestDups
Execution Finished : inverseListTestDups
Execution Started : baseCase
Execution Finished : baseCase
Execution Started : regListDupsInverse
Execution Finished : regListDupsInverse
Execution Started : negatives
Execution Finished : negatives
Execution Started : regListDups
Execution Finished : regListDups
Execution Started : emptyList
Execution Finished : emptyList
Execution Started : dups18
Execution Finished : dups18
Execution Started : regListInverse
Execution Finished : regListInverse
Execution Started : jumps2
Execution Finished : jumps2
Execution Started : jumps3
Execution Finished : jumps3
Execution Started : nullSecondMethod
Execution Finished : nullSecondMethod
Execution Started : inverseListTest
Execution Finished : inverseListTest
Execution Started : emptyList2
Execution Finished : emptyList2
Execution Started : onlyRepeatsBadPaths
Execution Finished : onlyRepeatsBadPaths
Execution Started : nullFirstMethod
Execution Finished : nullFirstMethod
Execution Started : onlyRepeats
Execution Finished : onlyRepeats
Execution Started : onlyRepeatshappyPathsOne
Execution Finished : onlyRepeatshappyPathsOne
Execution Started : onlyRepeatshappyPathsTwo
Execution Finished : onlyRepeatshappyPathsTwo
Execution Started : emptyListSecondMethod
Execution Finished : emptyListSecondMethod
Execution Started : dups1
Execution Finished : dups1
Execution Started : dups2
Execution Finished : dups2
Execution Started : dups5
Execution Finished : dups5
Execution Started : jumps
Execution Finished : jumps
Execution Started : test1
Execution Finished : test1
Execution Started : test2
Execution Finished : test2
Execution Started : onlyRepeatsZero
Execution Finished : onlyRepeatsZero
Execution Started : findFirstInstanceDoesNotExistTooBig
Execution Finished : findFirstInstanceDoesNotExistTooBig
Execution Started : findFirstInstanceDoesExist
Execution Finished : findFirstInstanceDoesExist
Execution Started : emptyListFirstMethod
Execution Finished : emptyListFirstMethod
Execution Started : verifyEarliestMatch1
Execution Finished : verifyEarliestMatch1
Execution Started : nullList2
Execution Finished : nullList2
Execution Started : regList
Execution Finished : regList
Execution Started : regListInverseMethodTwo
Execution Finished : regListInverseMethodTwo
Execution Started : findFirstInstanceOne
Execution Finished : findFirstInstanceOne
Execution Started : verifyEarliestMatch
Execution Finished : verifyEarliestMatch
Execution Started : regListDupsMethodThree
Execution Finished : regListDupsMethodThree
Execution Started : findFirstInstanceBaseCase
Execution Finished : findFirstInstanceBaseCase
Execution Started : regListMethod2
Execution Finished : regListMethod2
Test cases executed : 55
[ERROR] Failures: 
[ERROR]   ProfessorSearchWithATweakTest.performanceIsLogNEvenWithEveryOtherElementEqualsKey:127 log(n) performance should be almost instantaneous expected:<0.0> but was:<44.0>
[ERROR] Tests run: 55, Failures: 1, Errors: 0, Skipped: 0
[ERROR] Failed to execute goal org.apache.maven.plugins:maven-surefire-plugin:3.0.0-M5:test (default-test) on project SearchWithATweak: There are test failures.
[ERROR] 
[ERROR] Please refer to /Users/avraham/YUGitRepos/2545/BohbotTom/IntroToAlgorithms/assignments/SearchWithATweak/target/surefire-reports for the individual test results.
[ERROR] Please refer to dump files (if any exist) [date].dump, [date]-jvmRun[N].dump and [date].dumpstream.
[ERROR] -> [Help 1]
[ERROR] 
[ERROR] To see the full stack trace of the errors, re-run Maven with the -e switch.
[ERROR] Re-run Maven using the -X switch to enable full debug logging.
[ERROR] 
[ERROR] For more information about the errors and possible solutions, please read the following articles:
[ERROR] [Help 1] http://cwiki.apache.org/confluence/display/MAVEN/MojoFailureException
Problem invoking 'maven test target': aborting this run
