<?xml version="1.0" encoding="UTF-8" ?>
<testsuite tests="21" failures="0" name="edu.yu.cs.com1320.project.stage2.impl.DocumentStoreImplTest" time="0.479" errors="0" skipped="0">
  <properties>
[...]
</properties>
  <testcase classname="edu.yu.cs.com1320.project.stage2.impl.DocumentStoreImplTest" name="testPutDocumentTXT" time="0.001"/>
  <testcase classname="edu.yu.cs.com1320.project.stage2.impl.DocumentStoreImplTest" name="undoNotFound" time="0.001"/>
  <testcase classname="edu.yu.cs.com1320.project.stage2.impl.DocumentStoreImplTest" name="testDeleteDocumentThatDoesntExist" time="0.001"/>
  <testcase classname="edu.yu.cs.com1320.project.stage2.impl.DocumentStoreImplTest" name="testUndo" time="0"/>
  <testcase classname="edu.yu.cs.com1320.project.stage2.impl.DocumentStoreImplTest" name="testIfInputStreamIsNullV2" time="0.001"/>
  <testcase classname="edu.yu.cs.com1320.project.stage2.impl.DocumentStoreImplTest" name="undoNothing" time="0.001"/>
  <testcase classname="edu.yu.cs.com1320.project.stage2.impl.DocumentStoreImplTest" name="testGetDocAsTextNullReturn" time="0"/>
  <testcase classname="edu.yu.cs.com1320.project.stage2.impl.DocumentStoreImplTest" name="testIfUriIsNull" time="0.001"/>
  <testcase classname="edu.yu.cs.com1320.project.stage2.impl.DocumentStoreImplTest" name="testGetDocAsText" time="0"/>
  <testcase classname="edu.yu.cs.com1320.project.stage2.impl.DocumentStoreImplTest" name="testUndoDuplicates" time="0.001"/>
  <testcase classname="edu.yu.cs.com1320.project.stage2.impl.DocumentStoreImplTest" name="testIfDocTypeIsNull" time="0"/>
  <testcase classname="edu.yu.cs.com1320.project.stage2.impl.DocumentStoreImplTest" name="testUndoNullInputStream" time="0.001"/>
  <testcase classname="edu.yu.cs.com1320.project.stage2.impl.DocumentStoreImplTest" name="undoNothingTwoV2" time="0"/>
  <testcase classname="edu.yu.cs.com1320.project.stage2.impl.DocumentStoreImplTest" name="testUndoMethod" time="0.001"/>
  <testcase classname="edu.yu.cs.com1320.project.stage2.impl.DocumentStoreImplTest" name="testUndoWhenDeletingNothing" time="0"/>
  <testcase classname="edu.yu.cs.com1320.project.stage2.impl.DocumentStoreImplTest" name="testUndoWhenNothingToDelete" time="0"/>
  <testcase classname="edu.yu.cs.com1320.project.stage2.impl.DocumentStoreImplTest" name="undoNothingTwo" time="0"/>
  <testcase classname="edu.yu.cs.com1320.project.stage2.impl.DocumentStoreImplTest" name="testUndoMethoBig" time="0.001"/>
  <testcase classname="edu.yu.cs.com1320.project.stage2.impl.DocumentStoreImplTest" name="testDeleteDocument" time="0"/>
  <testcase classname="edu.yu.cs.com1320.project.stage2.impl.DocumentStoreImplTest" name="testPutDocumentPDFNewPdf" time="0.469"/>
  <testcase classname="edu.yu.cs.com1320.project.stage2.impl.DocumentStoreImplTest" name="testIfInputStreamIsNull" time="0"/>
</testsuite>